Using pre-set license
Built from '2021.1/staging' branch; Version is '2021.1.3f1 (4bef613afd59) revision 4976481'; Using compiler version '192528614'; Build Type 'Release'
OS: 'Windows 10 Pro; OS build 19041.867; Version 2004; 64bit' Language: 'en' Physical Memory: 16246 MB
BatchMode: 1, IsHumanControllingUs: 0, StartBugReporterOnCrash: 0, Is64bit: 1, IsPro: 0

 COMMAND LINE ARGUMENTS:
C:\Program Files\Unity\Hub\Editor\2021.1.3f1\Editor\Unity.exe
-adb2
-batchMode
-noUpm
-name
AssetImportWorker0
-projectPath
C:/Users/Nicolas Murguet/Documents/resources/unity/prototipos/retro_space/retro_space
-logFile
Logs/AssetImportWorker0.log
-srvPort
52735
Successfully changed project path to: C:/Users/Nicolas Murguet/Documents/resources/unity/prototipos/retro_space/retro_space
C:/Users/Nicolas Murguet/Documents/resources/unity/prototipos/retro_space/retro_space
Using Asset Import Pipeline V2.
Refreshing native plugins compatible for Editor in 184.91 ms, found 2 plugins.
Preloading 0 native plugins for Editor in 0.00 ms.
Initialize engine version: 2021.1.3f1 (4bef613afd59)
[Subsystems] Discovering subsystems at path C:/Program Files/Unity/Hub/Editor/2021.1.3f1/Editor/Data/Resources/UnitySubsystems
[Subsystems] Discovering subsystems at path C:/Users/Nicolas Murguet/Documents/resources/unity/prototipos/retro_space/retro_space/Assets
GfxDevice: creating device client; threaded=0; jobified=0
Direct3D:
    Version:  Direct3D 11.0 [level 11.1]
    Renderer: Intel(R) HD Graphics 620 (ID=0x5916)
    Vendor:   Intel
    VRAM:     8123 MB
    Driver:   27.20.100.9171
Shader 'Universal Render Pipeline/Particles/Lit': fallback shader 'Universal Render Pipeline/Particles/SimpleLit' not found
Initialize mono
Mono path[0] = 'C:/Program Files/Unity/Hub/Editor/2021.1.3f1/Editor/Data/Managed'
Mono path[1] = 'C:/Program Files/Unity/Hub/Editor/2021.1.3f1/Editor/Data/MonoBleedingEdge/lib/mono/unityjit'
Mono config path = 'C:/Program Files/Unity/Hub/Editor/2021.1.3f1/Editor/Data/MonoBleedingEdge/etc'
Using monoOptions --debugger-agent=transport=dt_socket,embedding=1,server=y,suspend=n,address=127.0.0.1:56532
Begin MonoManager ReloadAssembly
Registering precompiled unity dll's ...
Register platform support module: C:/Program Files/Unity/Hub/Editor/2021.1.3f1/Editor/Data/PlaybackEngines/WebGLSupport/UnityEditor.WebGL.Extensions.dll
Register platform support module: C:/Program Files/Unity/Hub/Editor/2021.1.3f1/Editor/Data/PlaybackEngines/WindowsStandaloneSupport/UnityEditor.WindowsStandalone.Extensions.dll
Registered in 0.002775 seconds.
Native extension for WindowsStandalone target not found
Native extension for WebGL target not found
Refreshing native plugins compatible for Editor in 194.64 ms, found 2 plugins.
Preloading 0 native plugins for Editor in 0.00 ms.
Mono: successfully reloaded assembly
- Completed reload, in  1.902 seconds
Platform modules already initialized, skipping
Registering precompiled user dll's ...
Registered in 0.004986 seconds.
Begin MonoManager ReloadAssembly
Native extension for WindowsStandalone target not found
Native extension for WebGL target not found
Refreshing native plugins compatible for Editor in 156.61 ms, found 2 plugins.
Preloading 0 native plugins for Editor in 0.00 ms.
Mono: successfully reloaded assembly
- Completed reload, in  1.774 seconds
Platform modules already initialized, skipping
========================================================================
Worker process is ready to serve import requests
Shader 'Universal Render Pipeline/Particles/Lit': fallback shader 'Universal Render Pipeline/Particles/SimpleLit' not found
Launched and connected shader compiler UnityShaderCompiler.exe after 0.13 seconds
Refreshing native plugins compatible for Editor in 0.89 ms, found 2 plugins.
Preloading 0 native plugins for Editor in 0.00 ms.
Unloading 4636 Unused Serialized files (Serialized files now loaded: 0)
System memory in use before: 177.9 MB.
System memory in use after: 178.0 MB.

Unloading 30 unused Assets to reduce memory usage. Loaded Objects now: 5086.
Total: 4.444400 ms (FindLiveObjects: 0.392100 ms CreateObjectMapping: 0.336200 ms MarkObjects: 3.504100 ms  DeleteObjects: 0.209500 ms)

========================================================================
Received Import Request.
  path: Assets/sprites/colored_transparent.png
  artifactKey: Guid(03019c5a52324e2459fd45eaffdb2916) Importer(815301076,1909f56bfc062723c751e8b465ee728b)
Start importing Assets/sprites/colored_transparent.png using Guid(03019c5a52324e2459fd45eaffdb2916) Importer(815301076,1909f56bfc062723c751e8b465ee728b)  -> (artifact id: 'b2fa03590ba0750860d011974a02cece') in 2.564978 seconds 
========================================================================
Received Prepare
Registering precompiled user dll's ...
Registered in 0.006023 seconds.
Begin MonoManager ReloadAssembly
Native extension for WindowsStandalone target not found
Native extension for WebGL target not found
Refreshing native plugins compatible for Editor in 1.10 ms, found 2 plugins.
Preloading 0 native plugins for Editor in 0.00 ms.
Mono: successfully reloaded assembly
- Completed reload, in  1.628 seconds
Platform modules already initialized, skipping
Shader 'Universal Render Pipeline/Particles/Lit': fallback shader 'Universal Render Pipeline/Particles/SimpleLit' not found
Refreshing native plugins compatible for Editor in 1.26 ms, found 2 plugins.
Preloading 0 native plugins for Editor in 0.00 ms.
Unloading 4570 Unused Serialized files (Serialized files now loaded: 0)
System memory in use before: 178.4 MB.
System memory in use after: 178.5 MB.

Unloading 18 unused Assets to reduce memory usage. Loaded Objects now: 5112.
Total: 4.345500 ms (FindLiveObjects: 0.502200 ms CreateObjectMapping: 0.466300 ms MarkObjects: 3.253700 ms  DeleteObjects: 0.121200 ms)

========================================================================
Received Import Request.
  Time since last request: 242.624364 seconds.
  path: Assets/prefabs/source_light.prefab
  artifactKey: Guid(9d53d00c4ca424048a5d9c398651526c) Importer(815301076,1909f56bfc062723c751e8b465ee728b)
Start importing Assets/prefabs/source_light.prefab using Guid(9d53d00c4ca424048a5d9c398651526c) Importer(815301076,1909f56bfc062723c751e8b465ee728b)  -> (artifact id: '3ed67d3cc86a1eb5f86cd533095f7127') in 0.319657 seconds 
========================================================================
Received Import Request.
  Time since last request: 63.816744 seconds.
  path: Assets/scripts/movement.cs
  artifactKey: Guid(3b1848717d0f9cd47a79cb9e3651d892) Importer(815301076,1909f56bfc062723c751e8b465ee728b)
Start importing Assets/scripts/movement.cs using Guid(3b1848717d0f9cd47a79cb9e3651d892) Importer(815301076,1909f56bfc062723c751e8b465ee728b)  -> (artifact id: '0bc85f175a73eec99863fb36164db2ff') in 0.063704 seconds 
========================================================================
Received Prepare
Registering precompiled user dll's ...
Registered in 0.006280 seconds.
Begin MonoManager ReloadAssembly
Native extension for WindowsStandalone target not found
Native extension for WebGL target not found
Refreshing native plugins compatible for Editor in 2.07 ms, found 2 plugins.
Preloading 0 native plugins for Editor in 0.00 ms.
Mono: successfully reloaded assembly
- Completed reload, in  1.861 seconds
Platform modules already initialized, skipping
Shader 'Universal Render Pipeline/Particles/Lit': fallback shader 'Universal Render Pipeline/Particles/SimpleLit' not found
Refreshing native plugins compatible for Editor in 1.03 ms, found 2 plugins.
Preloading 0 native plugins for Editor in 0.00 ms.
Unloading 4569 Unused Serialized files (Serialized files now loaded: 0)
System memory in use before: 180.5 MB.
System memory in use after: 180.6 MB.

Unloading 18 unused Assets to reduce memory usage. Loaded Objects now: 5161.
Total: 6.585300 ms (FindLiveObjects: 1.397900 ms CreateObjectMapping: 0.931900 ms MarkObjects: 4.122200 ms  DeleteObjects: 0.130800 ms)

========================================================================
Received Prepare
Registering precompiled user dll's ...
Registered in 0.006771 seconds.
Begin MonoManager ReloadAssembly
Native extension for WindowsStandalone target not found
Native extension for WebGL target not found
Refreshing native plugins compatible for Editor in 1.37 ms, found 2 plugins.
Preloading 0 native plugins for Editor in 0.00 ms.
Mono: successfully reloaded assembly
- Completed reload, in  2.361 seconds
Platform modules already initialized, skipping
Shader 'Universal Render Pipeline/Particles/Lit': fallback shader 'Universal Render Pipeline/Particles/SimpleLit' not found
Refreshing native plugins compatible for Editor in 0.86 ms, found 2 plugins.
Preloading 0 native plugins for Editor in 0.00 ms.
Unloading 4569 Unused Serialized files (Serialized files now loaded: 0)
System memory in use before: 180.7 MB.
System memory in use after: 180.8 MB.

Unloading 18 unused Assets to reduce memory usage. Loaded Objects now: 5165.
Total: 4.582100 ms (FindLiveObjects: 0.691900 ms CreateObjectMapping: 0.459100 ms MarkObjects: 3.297900 ms  DeleteObjects: 0.131500 ms)

========================================================================
Received Import Request.
  Time since last request: 302.753917 seconds.
  path: Assets/scripts/movement.cs
  artifactKey: Guid(3b1848717d0f9cd47a79cb9e3651d892) Importer(815301076,1909f56bfc062723c751e8b465ee728b)
Start importing Assets/scripts/movement.cs using Guid(3b1848717d0f9cd47a79cb9e3651d892) Importer(815301076,1909f56bfc062723c751e8b465ee728b)  -> (artifact id: 'e3a0cb35c9aa87a304f4bcd7ed29b98f') in 0.010050 seconds 
========================================================================
Received Prepare
Registering precompiled user dll's ...
Registered in 0.004821 seconds.
Begin MonoManager ReloadAssembly
Native extension for WindowsStandalone target not found
Native extension for WebGL target not found
Refreshing native plugins compatible for Editor in 0.92 ms, found 2 plugins.
Preloading 0 native plugins for Editor in 0.00 ms.
Mono: successfully reloaded assembly
- Completed reload, in  1.872 seconds
Platform modules already initialized, skipping
Shader 'Universal Render Pipeline/Particles/Lit': fallback shader 'Universal Render Pipeline/Particles/SimpleLit' not found
Refreshing native plugins compatible for Editor in 1.38 ms, found 2 plugins.
Preloading 0 native plugins for Editor in 0.00 ms.
Unloading 4569 Unused Serialized files (Serialized files now loaded: 0)
System memory in use before: 180.7 MB.
System memory in use after: 180.8 MB.

Unloading 18 unused Assets to reduce memory usage. Loaded Objects now: 5169.
Total: 8.811500 ms (FindLiveObjects: 0.486300 ms CreateObjectMapping: 4.774800 ms MarkObjects: 3.424200 ms  DeleteObjects: 0.124800 ms)

========================================================================
Received Prepare
Registering precompiled user dll's ...
Registered in 0.004915 seconds.
Begin MonoManager ReloadAssembly
Native extension for WindowsStandalone target not found
Native extension for WebGL target not found
Refreshing native plugins compatible for Editor in 1.09 ms, found 2 plugins.
Preloading 0 native plugins for Editor in 0.00 ms.
Mono: successfully reloaded assembly
- Completed reload, in  1.850 seconds
Platform modules already initialized, skipping
Shader 'Universal Render Pipeline/Particles/Lit': fallback shader 'Universal Render Pipeline/Particles/SimpleLit' not found
Refreshing native plugins compatible for Editor in 0.98 ms, found 2 plugins.
Preloading 0 native plugins for Editor in 0.00 ms.
Unloading 4569 Unused Serialized files (Serialized files now loaded: 0)
System memory in use before: 180.7 MB.
System memory in use after: 180.8 MB.

Unloading 18 unused Assets to reduce memory usage. Loaded Objects now: 5173.
Total: 5.763300 ms (FindLiveObjects: 0.435700 ms CreateObjectMapping: 0.398600 ms MarkObjects: 4.743800 ms  DeleteObjects: 0.183200 ms)

========================================================================
Received Prepare
Registering precompiled user dll's ...
Registered in 0.005484 seconds.
Begin MonoManager ReloadAssembly
Native extension for WindowsStandalone target not found
Native extension for WebGL target not found
Refreshing native plugins compatible for Editor in 1.72 ms, found 2 plugins.
Preloading 0 native plugins for Editor in 0.00 ms.
Mono: successfully reloaded assembly
- Completed reload, in  2.250 seconds
Platform modules already initialized, skipping
Shader 'Universal Render Pipeline/Particles/Lit': fallback shader 'Universal Render Pipeline/Particles/SimpleLit' not found
Refreshing native plugins compatible for Editor in 0.89 ms, found 2 plugins.
Preloading 0 native plugins for Editor in 0.00 ms.
Unloading 4569 Unused Serialized files (Serialized files now loaded: 0)
System memory in use before: 180.7 MB.
System memory in use after: 180.8 MB.

Unloading 18 unused Assets to reduce memory usage. Loaded Objects now: 5177.
Total: 5.230100 ms (FindLiveObjects: 0.380500 ms CreateObjectMapping: 0.343000 ms MarkObjects: 4.343000 ms  DeleteObjects: 0.162000 ms)

========================================================================
Received Prepare
Registering precompiled user dll's ...
Registered in 0.006764 seconds.
Begin MonoManager ReloadAssembly
Native extension for WindowsStandalone target not found
Native extension for WebGL target not found
Refreshing native plugins compatible for Editor in 2.12 ms, found 2 plugins.
Preloading 0 native plugins for Editor in 0.00 ms.
Mono: successfully reloaded assembly
- Completed reload, in  2.212 seconds
Platform modules already initialized, skipping
Shader 'Universal Render Pipeline/Particles/Lit': fallback shader 'Universal Render Pipeline/Particles/SimpleLit' not found
Refreshing native plugins compatible for Editor in 0.88 ms, found 2 plugins.
Preloading 0 native plugins for Editor in 0.00 ms.
Unloading 4569 Unused Serialized files (Serialized files now loaded: 0)
System memory in use before: 180.7 MB.
System memory in use after: 180.8 MB.

Unloading 18 unused Assets to reduce memory usage. Loaded Objects now: 5181.
Total: 4.131000 ms (FindLiveObjects: 0.474700 ms CreateObjectMapping: 0.301600 ms MarkObjects: 3.205700 ms  DeleteObjects: 0.146800 ms)

========================================================================
Received Prepare
Registering precompiled user dll's ...
Registered in 0.011180 seconds.
Begin MonoManager ReloadAssembly
Native extension for WindowsStandalone target not found
Native extension for WebGL target not found
Refreshing native plugins compatible for Editor in 4.85 ms, found 2 plugins.
Preloading 0 native plugins for Editor in 0.00 ms.
Mono: successfully reloaded assembly
- Completed reload, in  3.230 seconds
Platform modules already initialized, skipping
Shader 'Universal Render Pipeline/Particles/Lit': fallback shader 'Universal Render Pipeline/Particles/SimpleLit' not found
Refreshing native plugins compatible for Editor in 1.24 ms, found 2 plugins.
Preloading 0 native plugins for Editor in 0.00 ms.
Unloading 4569 Unused Serialized files (Serialized files now loaded: 0)
System memory in use before: 180.7 MB.
System memory in use after: 180.8 MB.

Unloading 18 unused Assets to reduce memory usage. Loaded Objects now: 5185.
Total: 7.471500 ms (FindLiveObjects: 0.837000 ms CreateObjectMapping: 0.557900 ms MarkObjects: 5.927400 ms  DeleteObjects: 0.147600 ms)

AssetImportWorkerClient::OnTransportError - code=2 error=End of file
