Using pre-set license
Built from '2021.1/staging' branch; Version is '2021.1.3f1 (4bef613afd59) revision 4976481'; Using compiler version '192528614'; Build Type 'Release'
OS: 'Windows 10 Pro; OS build 19041.867; Version 2004; 64bit' Language: 'en' Physical Memory: 16246 MB
BatchMode: 1, IsHumanControllingUs: 0, StartBugReporterOnCrash: 0, Is64bit: 1, IsPro: 0

 COMMAND LINE ARGUMENTS:
C:\Program Files\Unity\Hub\Editor\2021.1.3f1\Editor\Unity.exe
-adb2
-batchMode
-noUpm
-name
AssetImportWorker0
-projectPath
C:/Users/Nicolas Murguet/Documents/resources/unity/prototipos/retro_space/retro_space
-logFile
Logs/AssetImportWorker0.log
-srvPort
51918
Successfully changed project path to: C:/Users/Nicolas Murguet/Documents/resources/unity/prototipos/retro_space/retro_space
C:/Users/Nicolas Murguet/Documents/resources/unity/prototipos/retro_space/retro_space
Using Asset Import Pipeline V2.
Refreshing native plugins compatible for Editor in 272.17 ms, found 2 plugins.
Preloading 0 native plugins for Editor in 0.00 ms.
Initialize engine version: 2021.1.3f1 (4bef613afd59)
[Subsystems] Discovering subsystems at path C:/Program Files/Unity/Hub/Editor/2021.1.3f1/Editor/Data/Resources/UnitySubsystems
[Subsystems] Discovering subsystems at path C:/Users/Nicolas Murguet/Documents/resources/unity/prototipos/retro_space/retro_space/Assets
GfxDevice: creating device client; threaded=0; jobified=0
Direct3D:
    Version:  Direct3D 11.0 [level 11.1]
    Renderer: Intel(R) HD Graphics 620 (ID=0x5916)
    Vendor:   Intel
    VRAM:     8123 MB
    Driver:   27.20.100.9171
Shader 'Universal Render Pipeline/Particles/Lit': fallback shader 'Universal Render Pipeline/Particles/SimpleLit' not found
Initialize mono
Mono path[0] = 'C:/Program Files/Unity/Hub/Editor/2021.1.3f1/Editor/Data/Managed'
Mono path[1] = 'C:/Program Files/Unity/Hub/Editor/2021.1.3f1/Editor/Data/MonoBleedingEdge/lib/mono/unityjit'
Mono config path = 'C:/Program Files/Unity/Hub/Editor/2021.1.3f1/Editor/Data/MonoBleedingEdge/etc'
Using monoOptions --debugger-agent=transport=dt_socket,embedding=1,server=y,suspend=n,address=127.0.0.1:56060
Begin MonoManager ReloadAssembly
Registering precompiled unity dll's ...
Register platform support module: C:/Program Files/Unity/Hub/Editor/2021.1.3f1/Editor/Data/PlaybackEngines/WebGLSupport/UnityEditor.WebGL.Extensions.dll
Register platform support module: C:/Program Files/Unity/Hub/Editor/2021.1.3f1/Editor/Data/PlaybackEngines/WindowsStandaloneSupport/UnityEditor.WindowsStandalone.Extensions.dll
Registered in 0.004057 seconds.
Native extension for WindowsStandalone target not found
Native extension for WebGL target not found
Refreshing native plugins compatible for Editor in 217.23 ms, found 2 plugins.
Preloading 0 native plugins for Editor in 0.00 ms.
Mono: successfully reloaded assembly
- Completed reload, in  2.251 seconds
Platform modules already initialized, skipping
Registering precompiled user dll's ...
Registered in 0.007585 seconds.
Begin MonoManager ReloadAssembly
Native extension for WindowsStandalone target not found
Native extension for WebGL target not found
Refreshing native plugins compatible for Editor in 174.25 ms, found 2 plugins.
Preloading 0 native plugins for Editor in 0.00 ms.
Mono: successfully reloaded assembly
- Completed reload, in  2.276 seconds
Platform modules already initialized, skipping
========================================================================
Worker process is ready to serve import requests
Shader 'Universal Render Pipeline/Particles/Lit': fallback shader 'Universal Render Pipeline/Particles/SimpleLit' not found
Launched and connected shader compiler UnityShaderCompiler.exe after 1.29 seconds
Refreshing native plugins compatible for Editor in 1.27 ms, found 2 plugins.
Preloading 0 native plugins for Editor in 0.00 ms.
Unloading 4635 Unused Serialized files (Serialized files now loaded: 0)
System memory in use before: 177.9 MB.
System memory in use after: 178.0 MB.

Unloading 30 unused Assets to reduce memory usage. Loaded Objects now: 5085.
Total: 5.258800 ms (FindLiveObjects: 0.730600 ms CreateObjectMapping: 0.480100 ms MarkObjects: 3.827600 ms  DeleteObjects: 0.218800 ms)

========================================================================
Received Import Request.
  path: Assets/sprites
  artifactKey: Guid(b0e85d4d0743e2f42a4c3ba6313bf35d) Importer(815301076,1909f56bfc062723c751e8b465ee728b)
Start importing Assets/sprites using Guid(b0e85d4d0743e2f42a4c3ba6313bf35d) Importer(815301076,1909f56bfc062723c751e8b465ee728b)  -> (artifact id: '299595ed6f0bb1b3307ee763ce2f8031') in 0.037567 seconds 
========================================================================
Received Import Request.
  Time since last request: 0.523675 seconds.
  path: Assets/sprites/colored_packed.png
  artifactKey: Guid(b6b27723501f0bb46bfbe467356b5ba9) Importer(815301076,1909f56bfc062723c751e8b465ee728b)
Start importing Assets/sprites/colored_packed.png using Guid(b6b27723501f0bb46bfbe467356b5ba9) Importer(815301076,1909f56bfc062723c751e8b465ee728b)  -> (artifact id: '634667507321465d1ea4cc4d99feb5e8') in 1.434697 seconds 
========================================================================
Received Import Request.
  Time since last request: 20.830249 seconds.
  path: Assets/sprites/colored_packed.png
  artifactKey: Guid(b6b27723501f0bb46bfbe467356b5ba9) Importer(815301076,1909f56bfc062723c751e8b465ee728b)
Start importing Assets/sprites/colored_packed.png using Guid(b6b27723501f0bb46bfbe467356b5ba9) Importer(815301076,1909f56bfc062723c751e8b465ee728b)  -> (artifact id: '4b3939083a8ef981c37575fade6709f7') in 0.043290 seconds 
========================================================================
Received Import Request.
  Time since last request: 243.474666 seconds.
  path: Assets/sprites/colored.png
  artifactKey: Guid(4d078aa52884ee442bee9fdc5893a09f) Importer(815301076,1909f56bfc062723c751e8b465ee728b)
Start importing Assets/sprites/colored.png using Guid(4d078aa52884ee442bee9fdc5893a09f) Importer(815301076,1909f56bfc062723c751e8b465ee728b)  -> (artifact id: 'bba0d2df3c5c93cb21d4446f74398988') in 0.050035 seconds 
========================================================================
Received Import Request.
  Time since last request: 9.413440 seconds.
  path: Assets/sprites/colored.png
  artifactKey: Guid(4d078aa52884ee442bee9fdc5893a09f) Importer(815301076,1909f56bfc062723c751e8b465ee728b)
Start importing Assets/sprites/colored.png using Guid(4d078aa52884ee442bee9fdc5893a09f) Importer(815301076,1909f56bfc062723c751e8b465ee728b)  -> (artifact id: '13d96ea1212b13de52b6d112304bfe0f') in 0.049079 seconds 
========================================================================
Received Import Request.
  Time since last request: 234.966815 seconds.
  path: Assets/sprites/colored.png
  artifactKey: Guid(4d078aa52884ee442bee9fdc5893a09f) Importer(815301076,1909f56bfc062723c751e8b465ee728b)
Start importing Assets/sprites/colored.png using Guid(4d078aa52884ee442bee9fdc5893a09f) Importer(815301076,1909f56bfc062723c751e8b465ee728b)  -> (artifact id: '038e9695b29ca2bf5f1e3889210df1bf') in 3.391913 seconds 
========================================================================
Received Import Request.
  Time since last request: 106.618793 seconds.
  path: Assets/sprites/colored.png
  artifactKey: Guid(4d078aa52884ee442bee9fdc5893a09f) Importer(815301076,1909f56bfc062723c751e8b465ee728b)
Start importing Assets/sprites/colored.png using Guid(4d078aa52884ee442bee9fdc5893a09f) Importer(815301076,1909f56bfc062723c751e8b465ee728b)  -> (artifact id: '91cd2e4c46822817ba938784ac44aff1') in 3.700775 seconds 
========================================================================
Received Import Request.
  Time since last request: 120.838905 seconds.
  path: Assets/sprites/colored_transparent_packed.png
  artifactKey: Guid(963446936e381c0468cbc188127a518d) Importer(815301076,1909f56bfc062723c751e8b465ee728b)
Start importing Assets/sprites/colored_transparent_packed.png using Guid(963446936e381c0468cbc188127a518d) Importer(815301076,1909f56bfc062723c751e8b465ee728b)  -> (artifact id: '6861bb3ecef864a93105e5339e774e2c') in 0.047078 seconds 
========================================================================
Received Import Request.
  Time since last request: 10.460487 seconds.
  path: Assets/sprites/colored_transparent.png
  artifactKey: Guid(03019c5a52324e2459fd45eaffdb2916) Importer(815301076,1909f56bfc062723c751e8b465ee728b)
Start importing Assets/sprites/colored_transparent.png using Guid(03019c5a52324e2459fd45eaffdb2916) Importer(815301076,1909f56bfc062723c751e8b465ee728b)  -> (artifact id: 'ea7dd0703e0ee91687ea5e04cb9568e9') in 0.104122 seconds 
========================================================================
Received Import Request.
  Time since last request: 10.771710 seconds.
  path: Assets/sprites/colored_transparent.png
  artifactKey: Guid(03019c5a52324e2459fd45eaffdb2916) Importer(815301076,1909f56bfc062723c751e8b465ee728b)
Start importing Assets/sprites/colored_transparent.png using Guid(03019c5a52324e2459fd45eaffdb2916) Importer(815301076,1909f56bfc062723c751e8b465ee728b)  -> (artifact id: '4281db0b8ba0aa2dcdeb44f0865c4a4b') in 0.055945 seconds 
========================================================================
Received Import Request.
  Time since last request: 322.326786 seconds.
  path: Assets/sprites/colored_transparent.png
  artifactKey: Guid(03019c5a52324e2459fd45eaffdb2916) Importer(815301076,1909f56bfc062723c751e8b465ee728b)
Start importing Assets/sprites/colored_transparent.png using Guid(03019c5a52324e2459fd45eaffdb2916) Importer(815301076,1909f56bfc062723c751e8b465ee728b)  -> (artifact id: 'd9ffbb73ad76b37829513e2475f2dada') in 4.057727 seconds 
========================================================================
Received Import Request.
  Time since last request: 204.185953 seconds.
  path: Assets/Scenes/SampleScene.unity
  artifactKey: Guid(2cda990e2423bbf4892e6590ba056729) Importer(815301076,1909f56bfc062723c751e8b465ee728b)
Start importing Assets/Scenes/SampleScene.unity using Guid(2cda990e2423bbf4892e6590ba056729) Importer(815301076,1909f56bfc062723c751e8b465ee728b)  -> (artifact id: 'c8acb95a906470afa420184c9f5b360f') in 0.044855 seconds 
========================================================================
Received Prepare
Registering precompiled user dll's ...
Registered in 0.008768 seconds.
Begin MonoManager ReloadAssembly
Native extension for WindowsStandalone target not found
Native extension for WebGL target not found
Refreshing native plugins compatible for Editor in 1.07 ms, found 2 plugins.
Preloading 0 native plugins for Editor in 0.00 ms.
Mono: successfully reloaded assembly
- Completed reload, in  3.201 seconds
Platform modules already initialized, skipping
Shader 'Universal Render Pipeline/Particles/Lit': fallback shader 'Universal Render Pipeline/Particles/SimpleLit' not found
Refreshing native plugins compatible for Editor in 0.90 ms, found 2 plugins.
Preloading 0 native plugins for Editor in 0.00 ms.
Unloading 4570 Unused Serialized files (Serialized files now loaded: 0)
System memory in use before: 182.2 MB.
System memory in use after: 182.2 MB.

Unloading 18 unused Assets to reduce memory usage. Loaded Objects now: 5239.
Total: 6.701000 ms (FindLiveObjects: 0.784300 ms CreateObjectMapping: 0.667600 ms MarkObjects: 5.119500 ms  DeleteObjects: 0.127000 ms)

========================================================================
Received Prepare
Registering precompiled user dll's ...
Registered in 0.334446 seconds.
Begin MonoManager ReloadAssembly
Native extension for WindowsStandalone target not found
Native extension for WebGL target not found
Refreshing native plugins compatible for Editor in 0.91 ms, found 2 plugins.
Preloading 0 native plugins for Editor in 0.00 ms.
Mono: successfully reloaded assembly
- Completed reload, in  3.782 seconds
Platform modules already initialized, skipping
Shader 'Universal Render Pipeline/Particles/Lit': fallback shader 'Universal Render Pipeline/Particles/SimpleLit' not found
Refreshing native plugins compatible for Editor in 3.24 ms, found 2 plugins.
Preloading 0 native plugins for Editor in 0.00 ms.
Unloading 4569 Unused Serialized files (Serialized files now loaded: 0)
System memory in use before: 182.2 MB.
System memory in use after: 182.3 MB.

Unloading 18 unused Assets to reduce memory usage. Loaded Objects now: 5243.
Total: 5.156600 ms (FindLiveObjects: 1.332900 ms CreateObjectMapping: 0.543100 ms MarkObjects: 3.149900 ms  DeleteObjects: 0.128200 ms)

========================================================================
Received Prepare
Registering precompiled user dll's ...
Registered in 0.005460 seconds.
Begin MonoManager ReloadAssembly
Native extension for WindowsStandalone target not found
Native extension for WebGL target not found
Refreshing native plugins compatible for Editor in 2.19 ms, found 2 plugins.
Preloading 0 native plugins for Editor in 0.00 ms.
Mono: successfully reloaded assembly
- Completed reload, in  2.178 seconds
Platform modules already initialized, skipping
Shader 'Universal Render Pipeline/Particles/Lit': fallback shader 'Universal Render Pipeline/Particles/SimpleLit' not found
Refreshing native plugins compatible for Editor in 1.33 ms, found 2 plugins.
Preloading 0 native plugins for Editor in 0.00 ms.
Unloading 4569 Unused Serialized files (Serialized files now loaded: 0)
System memory in use before: 182.2 MB.
System memory in use after: 182.3 MB.

Unloading 18 unused Assets to reduce memory usage. Loaded Objects now: 5247.
Total: 5.024600 ms (FindLiveObjects: 0.931000 ms CreateObjectMapping: 0.650400 ms MarkObjects: 3.315100 ms  DeleteObjects: 0.126400 ms)

========================================================================
Received Prepare
Registering precompiled user dll's ...
Registered in 0.013941 seconds.
Begin MonoManager ReloadAssembly
Native extension for WindowsStandalone target not found
Native extension for WebGL target not found
Refreshing native plugins compatible for Editor in 0.94 ms, found 2 plugins.
Preloading 0 native plugins for Editor in 0.00 ms.
Mono: successfully reloaded assembly
- Completed reload, in  1.931 seconds
Platform modules already initialized, skipping
Shader 'Universal Render Pipeline/Particles/Lit': fallback shader 'Universal Render Pipeline/Particles/SimpleLit' not found
Refreshing native plugins compatible for Editor in 0.91 ms, found 2 plugins.
Preloading 0 native plugins for Editor in 0.00 ms.
Unloading 4569 Unused Serialized files (Serialized files now loaded: 0)
System memory in use before: 182.2 MB.
System memory in use after: 182.4 MB.

Unloading 18 unused Assets to reduce memory usage. Loaded Objects now: 5251.
Total: 7.547800 ms (FindLiveObjects: 0.481400 ms CreateObjectMapping: 0.474200 ms MarkObjects: 6.410100 ms  DeleteObjects: 0.180200 ms)

========================================================================
Received Prepare
Registering precompiled user dll's ...
Registered in 0.008390 seconds.
Begin MonoManager ReloadAssembly
Native extension for WindowsStandalone target not found
Native extension for WebGL target not found
Refreshing native plugins compatible for Editor in 1.48 ms, found 2 plugins.
Preloading 0 native plugins for Editor in 0.00 ms.
Mono: successfully reloaded assembly
- Completed reload, in  2.012 seconds
Platform modules already initialized, skipping
Shader 'Universal Render Pipeline/Particles/Lit': fallback shader 'Universal Render Pipeline/Particles/SimpleLit' not found
Refreshing native plugins compatible for Editor in 0.92 ms, found 2 plugins.
Preloading 0 native plugins for Editor in 0.00 ms.
Unloading 4569 Unused Serialized files (Serialized files now loaded: 0)
System memory in use before: 182.3 MB.
System memory in use after: 182.4 MB.

Unloading 18 unused Assets to reduce memory usage. Loaded Objects now: 5255.
Total: 6.679300 ms (FindLiveObjects: 1.029800 ms CreateObjectMapping: 0.809000 ms MarkObjects: 4.675600 ms  DeleteObjects: 0.162500 ms)

========================================================================
Received Prepare
Registering precompiled user dll's ...
Registered in 0.006014 seconds.
Begin MonoManager ReloadAssembly
Native extension for WindowsStandalone target not found
Native extension for WebGL target not found
Refreshing native plugins compatible for Editor in 1.45 ms, found 2 plugins.
Preloading 0 native plugins for Editor in 0.00 ms.
Mono: successfully reloaded assembly
- Completed reload, in  2.118 seconds
Platform modules already initialized, skipping
Shader 'Universal Render Pipeline/Particles/Lit': fallback shader 'Universal Render Pipeline/Particles/SimpleLit' not found
Refreshing native plugins compatible for Editor in 0.99 ms, found 2 plugins.
Preloading 0 native plugins for Editor in 0.00 ms.
Unloading 4569 Unused Serialized files (Serialized files now loaded: 0)
System memory in use before: 182.5 MB.
System memory in use after: 182.6 MB.

Unloading 18 unused Assets to reduce memory usage. Loaded Objects now: 5259.
Total: 5.216000 ms (FindLiveObjects: 0.947100 ms CreateObjectMapping: 0.501900 ms MarkObjects: 3.611900 ms  DeleteObjects: 0.152900 ms)

========================================================================
Received Prepare
Registering precompiled user dll's ...
Registered in 0.007716 seconds.
Begin MonoManager ReloadAssembly
Native extension for WindowsStandalone target not found
Native extension for WebGL target not found
Refreshing native plugins compatible for Editor in 2.08 ms, found 2 plugins.
Preloading 0 native plugins for Editor in 0.00 ms.
Mono: successfully reloaded assembly
- Completed reload, in  2.244 seconds
Platform modules already initialized, skipping
Shader 'Universal Render Pipeline/Particles/Lit': fallback shader 'Universal Render Pipeline/Particles/SimpleLit' not found
Refreshing native plugins compatible for Editor in 0.86 ms, found 2 plugins.
Preloading 0 native plugins for Editor in 0.00 ms.
Unloading 4569 Unused Serialized files (Serialized files now loaded: 0)
System memory in use before: 182.5 MB.
System memory in use after: 182.6 MB.

Unloading 18 unused Assets to reduce memory usage. Loaded Objects now: 5263.
Total: 5.995600 ms (FindLiveObjects: 0.654200 ms CreateObjectMapping: 0.461100 ms MarkObjects: 4.752300 ms  DeleteObjects: 0.125800 ms)

========================================================================
Received Prepare
Registering precompiled user dll's ...
Registered in 0.005344 seconds.
Begin MonoManager ReloadAssembly
Native extension for WindowsStandalone target not found
Native extension for WebGL target not found
Refreshing native plugins compatible for Editor in 1.24 ms, found 2 plugins.
Preloading 0 native plugins for Editor in 0.00 ms.
Mono: successfully reloaded assembly
- Completed reload, in  1.764 seconds
Platform modules already initialized, skipping
Shader 'Universal Render Pipeline/Particles/Lit': fallback shader 'Universal Render Pipeline/Particles/SimpleLit' not found
Refreshing native plugins compatible for Editor in 1.35 ms, found 2 plugins.
Preloading 0 native plugins for Editor in 0.00 ms.
Unloading 4569 Unused Serialized files (Serialized files now loaded: 0)
System memory in use before: 182.5 MB.
System memory in use after: 182.6 MB.

Unloading 18 unused Assets to reduce memory usage. Loaded Objects now: 5267.
Total: 3.836300 ms (FindLiveObjects: 0.505200 ms CreateObjectMapping: 0.343700 ms MarkObjects: 2.866300 ms  DeleteObjects: 0.119000 ms)

========================================================================
Received Prepare
Registering precompiled user dll's ...
Registered in 0.004963 seconds.
Begin MonoManager ReloadAssembly
Native extension for WindowsStandalone target not found
Native extension for WebGL target not found
Refreshing native plugins compatible for Editor in 0.94 ms, found 2 plugins.
Preloading 0 native plugins for Editor in 0.00 ms.
Mono: successfully reloaded assembly
- Completed reload, in  3.951 seconds
Platform modules already initialized, skipping
Shader 'Universal Render Pipeline/Particles/Lit': fallback shader 'Universal Render Pipeline/Particles/SimpleLit' not found
Refreshing native plugins compatible for Editor in 1.49 ms, found 2 plugins.
Preloading 0 native plugins for Editor in 0.00 ms.
Unloading 4569 Unused Serialized files (Serialized files now loaded: 0)
System memory in use before: 182.5 MB.
System memory in use after: 182.6 MB.

Unloading 18 unused Assets to reduce memory usage. Loaded Objects now: 5271.
Total: 7.932300 ms (FindLiveObjects: 1.353300 ms CreateObjectMapping: 0.660700 ms MarkObjects: 5.564500 ms  DeleteObjects: 0.351600 ms)

========================================================================
Received Prepare
Registering precompiled user dll's ...
Registered in 0.005321 seconds.
Begin MonoManager ReloadAssembly
Native extension for WindowsStandalone target not found
Native extension for WebGL target not found
Refreshing native plugins compatible for Editor in 0.89 ms, found 2 plugins.
Preloading 0 native plugins for Editor in 0.00 ms.
Mono: successfully reloaded assembly
- Completed reload, in  1.959 seconds
Platform modules already initialized, skipping
Shader 'Universal Render Pipeline/Particles/Lit': fallback shader 'Universal Render Pipeline/Particles/SimpleLit' not found
Refreshing native plugins compatible for Editor in 1.23 ms, found 2 plugins.
Preloading 0 native plugins for Editor in 0.00 ms.
Unloading 4569 Unused Serialized files (Serialized files now loaded: 0)
System memory in use before: 182.5 MB.
System memory in use after: 182.6 MB.

Unloading 18 unused Assets to reduce memory usage. Loaded Objects now: 5275.
Total: 6.400300 ms (FindLiveObjects: 0.545400 ms CreateObjectMapping: 0.579600 ms MarkObjects: 5.144600 ms  DeleteObjects: 0.128700 ms)

========================================================================
Received Prepare
Registering precompiled user dll's ...
Registered in 0.005254 seconds.
Begin MonoManager ReloadAssembly
Native extension for WindowsStandalone target not found
Native extension for WebGL target not found
Refreshing native plugins compatible for Editor in 0.93 ms, found 2 plugins.
Preloading 0 native plugins for Editor in 0.00 ms.
Mono: successfully reloaded assembly
- Completed reload, in  1.720 seconds
Platform modules already initialized, skipping
Shader 'Universal Render Pipeline/Particles/Lit': fallback shader 'Universal Render Pipeline/Particles/SimpleLit' not found
Refreshing native plugins compatible for Editor in 1.40 ms, found 2 plugins.
Preloading 0 native plugins for Editor in 0.00 ms.
Unloading 4569 Unused Serialized files (Serialized files now loaded: 0)
System memory in use before: 182.5 MB.
System memory in use after: 182.7 MB.

Unloading 18 unused Assets to reduce memory usage. Loaded Objects now: 5279.
Total: 6.209000 ms (FindLiveObjects: 0.761500 ms CreateObjectMapping: 0.485600 ms MarkObjects: 4.781500 ms  DeleteObjects: 0.178000 ms)

========================================================================
Received Prepare
Registering precompiled user dll's ...
Registered in 0.004842 seconds.
Begin MonoManager ReloadAssembly
Native extension for WindowsStandalone target not found
Native extension for WebGL target not found
Refreshing native plugins compatible for Editor in 1.13 ms, found 2 plugins.
Preloading 0 native plugins for Editor in 0.00 ms.
Mono: successfully reloaded assembly
- Completed reload, in  1.669 seconds
Platform modules already initialized, skipping
Shader 'Universal Render Pipeline/Particles/Lit': fallback shader 'Universal Render Pipeline/Particles/SimpleLit' not found
Refreshing native plugins compatible for Editor in 1.33 ms, found 2 plugins.
Preloading 0 native plugins for Editor in 0.00 ms.
Unloading 4569 Unused Serialized files (Serialized files now loaded: 0)
System memory in use before: 182.5 MB.
System memory in use after: 182.7 MB.

Unloading 18 unused Assets to reduce memory usage. Loaded Objects now: 5283.
Total: 4.920600 ms (FindLiveObjects: 0.645100 ms CreateObjectMapping: 0.420800 ms MarkObjects: 3.691200 ms  DeleteObjects: 0.161700 ms)

========================================================================
Received Prepare
Registering precompiled user dll's ...
Registered in 0.005710 seconds.
Begin MonoManager ReloadAssembly
Native extension for WindowsStandalone target not found
Native extension for WebGL target not found
Refreshing native plugins compatible for Editor in 0.86 ms, found 2 plugins.
Preloading 0 native plugins for Editor in 0.00 ms.
Mono: successfully reloaded assembly
- Completed reload, in  1.462 seconds
Platform modules already initialized, skipping
Shader 'Universal Render Pipeline/Particles/Lit': fallback shader 'Universal Render Pipeline/Particles/SimpleLit' not found
Refreshing native plugins compatible for Editor in 0.86 ms, found 2 plugins.
Preloading 0 native plugins for Editor in 0.00 ms.
Unloading 4569 Unused Serialized files (Serialized files now loaded: 0)
System memory in use before: 182.5 MB.
System memory in use after: 182.7 MB.

Unloading 18 unused Assets to reduce memory usage. Loaded Objects now: 5287.
Total: 4.644200 ms (FindLiveObjects: 0.806000 ms CreateObjectMapping: 0.536000 ms MarkObjects: 3.156600 ms  DeleteObjects: 0.143400 ms)

========================================================================
Received Prepare
Registering precompiled user dll's ...
Registered in 0.009324 seconds.
Begin MonoManager ReloadAssembly
Native extension for WindowsStandalone target not found
Native extension for WebGL target not found
Refreshing native plugins compatible for Editor in 1.40 ms, found 2 plugins.
Preloading 0 native plugins for Editor in 0.00 ms.
Mono: successfully reloaded assembly
- Completed reload, in  2.073 seconds
Platform modules already initialized, skipping
Shader 'Universal Render Pipeline/Particles/Lit': fallback shader 'Universal Render Pipeline/Particles/SimpleLit' not found
Refreshing native plugins compatible for Editor in 1.54 ms, found 2 plugins.
Preloading 0 native plugins for Editor in 0.00 ms.
Unloading 4569 Unused Serialized files (Serialized files now loaded: 0)
System memory in use before: 182.6 MB.
System memory in use after: 182.7 MB.

Unloading 18 unused Assets to reduce memory usage. Loaded Objects now: 5291.
Total: 3.949000 ms (FindLiveObjects: 0.537500 ms CreateObjectMapping: 0.387300 ms MarkObjects: 2.899900 ms  DeleteObjects: 0.121000 ms)

========================================================================
Received Prepare
Registering precompiled user dll's ...
Registered in 0.005979 seconds.
Begin MonoManager ReloadAssembly
Native extension for WindowsStandalone target not found
Native extension for WebGL target not found
Refreshing native plugins compatible for Editor in 4.13 ms, found 2 plugins.
Preloading 0 native plugins for Editor in 0.00 ms.
Mono: successfully reloaded assembly
- Completed reload, in  3.637 seconds
Platform modules already initialized, skipping
Shader 'Universal Render Pipeline/Particles/Lit': fallback shader 'Universal Render Pipeline/Particles/SimpleLit' not found
Refreshing native plugins compatible for Editor in 4.28 ms, found 2 plugins.
Preloading 0 native plugins for Editor in 0.00 ms.
Unloading 4569 Unused Serialized files (Serialized files now loaded: 0)
System memory in use before: 182.6 MB.
System memory in use after: 182.7 MB.

Unloading 18 unused Assets to reduce memory usage. Loaded Objects now: 5295.
Total: 17.732700 ms (FindLiveObjects: 1.526700 ms CreateObjectMapping: 1.352200 ms MarkObjects: 14.457400 ms  DeleteObjects: 0.392100 ms)

========================================================================
Received Prepare
Registering precompiled user dll's ...
Registered in 0.010367 seconds.
Begin MonoManager ReloadAssembly
Native extension for WindowsStandalone target not found
Native extension for WebGL target not found
Refreshing native plugins compatible for Editor in 12.00 ms, found 2 plugins.
Preloading 0 native plugins for Editor in 0.00 ms.
Mono: successfully reloaded assembly
- Completed reload, in  2.814 seconds
Platform modules already initialized, skipping
Shader 'Universal Render Pipeline/Particles/Lit': fallback shader 'Universal Render Pipeline/Particles/SimpleLit' not found
Refreshing native plugins compatible for Editor in 1.47 ms, found 2 plugins.
Preloading 0 native plugins for Editor in 0.00 ms.
Unloading 4569 Unused Serialized files (Serialized files now loaded: 0)
System memory in use before: 182.6 MB.
System memory in use after: 182.7 MB.

Unloading 18 unused Assets to reduce memory usage. Loaded Objects now: 5299.
Total: 6.025200 ms (FindLiveObjects: 0.455500 ms CreateObjectMapping: 0.422300 ms MarkObjects: 4.945000 ms  DeleteObjects: 0.200600 ms)

========================================================================
Received Prepare
Registering precompiled user dll's ...
Registered in 0.010363 seconds.
Begin MonoManager ReloadAssembly
Native extension for WindowsStandalone target not found
Native extension for WebGL target not found
Refreshing native plugins compatible for Editor in 0.90 ms, found 2 plugins.
Preloading 0 native plugins for Editor in 0.00 ms.
Mono: successfully reloaded assembly
- Completed reload, in  1.752 seconds
Platform modules already initialized, skipping
Shader 'Universal Render Pipeline/Particles/Lit': fallback shader 'Universal Render Pipeline/Particles/SimpleLit' not found
Refreshing native plugins compatible for Editor in 4.13 ms, found 2 plugins.
Preloading 0 native plugins for Editor in 0.00 ms.
Unloading 4569 Unused Serialized files (Serialized files now loaded: 0)
System memory in use before: 182.6 MB.
System memory in use after: 182.7 MB.

Unloading 18 unused Assets to reduce memory usage. Loaded Objects now: 5303.
Total: 6.057300 ms (FindLiveObjects: 0.808300 ms CreateObjectMapping: 0.608300 ms MarkObjects: 4.500400 ms  DeleteObjects: 0.138400 ms)

========================================================================
Received Prepare
Registering precompiled user dll's ...
Registered in 0.005830 seconds.
Begin MonoManager ReloadAssembly
Native extension for WindowsStandalone target not found
Native extension for WebGL target not found
Refreshing native plugins compatible for Editor in 0.96 ms, found 2 plugins.
Preloading 0 native plugins for Editor in 0.00 ms.
Mono: successfully reloaded assembly
- Completed reload, in  2.421 seconds
Platform modules already initialized, skipping
Shader 'Universal Render Pipeline/Particles/Lit': fallback shader 'Universal Render Pipeline/Particles/SimpleLit' not found
Refreshing native plugins compatible for Editor in 2.03 ms, found 2 plugins.
Preloading 0 native plugins for Editor in 0.00 ms.
Unloading 4569 Unused Serialized files (Serialized files now loaded: 0)
System memory in use before: 182.6 MB.
System memory in use after: 182.7 MB.

Unloading 18 unused Assets to reduce memory usage. Loaded Objects now: 5307.
Total: 7.905800 ms (FindLiveObjects: 0.628400 ms CreateObjectMapping: 0.545800 ms MarkObjects: 6.514400 ms  DeleteObjects: 0.214300 ms)

========================================================================
Received Prepare
Registering precompiled user dll's ...
Registered in 0.007687 seconds.
Begin MonoManager ReloadAssembly
Native extension for WindowsStandalone target not found
Native extension for WebGL target not found
Refreshing native plugins compatible for Editor in 1.64 ms, found 2 plugins.
Preloading 0 native plugins for Editor in 0.00 ms.
Mono: successfully reloaded assembly
- Completed reload, in  2.608 seconds
Platform modules already initialized, skipping
Shader 'Universal Render Pipeline/Particles/Lit': fallback shader 'Universal Render Pipeline/Particles/SimpleLit' not found
Refreshing native plugins compatible for Editor in 1.01 ms, found 2 plugins.
Preloading 0 native plugins for Editor in 0.00 ms.
Unloading 4569 Unused Serialized files (Serialized files now loaded: 0)
System memory in use before: 182.6 MB.
System memory in use after: 182.7 MB.

Unloading 18 unused Assets to reduce memory usage. Loaded Objects now: 5311.
Total: 4.977000 ms (FindLiveObjects: 0.701300 ms CreateObjectMapping: 0.496700 ms MarkObjects: 3.573500 ms  DeleteObjects: 0.202600 ms)

========================================================================
Received Prepare
Registering precompiled user dll's ...
Registered in 0.007801 seconds.
Begin MonoManager ReloadAssembly
Native extension for WindowsStandalone target not found
Native extension for WebGL target not found
Refreshing native plugins compatible for Editor in 2.23 ms, found 2 plugins.
Preloading 0 native plugins for Editor in 0.00 ms.
Mono: successfully reloaded assembly
- Completed reload, in  2.212 seconds
Platform modules already initialized, skipping
Shader 'Universal Render Pipeline/Particles/Lit': fallback shader 'Universal Render Pipeline/Particles/SimpleLit' not found
Refreshing native plugins compatible for Editor in 1.50 ms, found 2 plugins.
Preloading 0 native plugins for Editor in 0.00 ms.
Unloading 4569 Unused Serialized files (Serialized files now loaded: 0)
System memory in use before: 182.6 MB.
System memory in use after: 182.8 MB.

Unloading 18 unused Assets to reduce memory usage. Loaded Objects now: 5315.
Total: 4.383100 ms (FindLiveObjects: 0.458700 ms CreateObjectMapping: 0.452200 ms MarkObjects: 3.336400 ms  DeleteObjects: 0.134200 ms)

========================================================================
Received Prepare
Registering precompiled user dll's ...
Registered in 0.189233 seconds.
Begin MonoManager ReloadAssembly
Native extension for WindowsStandalone target not found
Native extension for WebGL target not found
Refreshing native plugins compatible for Editor in 1.41 ms, found 2 plugins.
Preloading 0 native plugins for Editor in 0.00 ms.
Mono: successfully reloaded assembly
- Completed reload, in  2.021 seconds
Platform modules already initialized, skipping
Shader 'Universal Render Pipeline/Particles/Lit': fallback shader 'Universal Render Pipeline/Particles/SimpleLit' not found
Refreshing native plugins compatible for Editor in 0.88 ms, found 2 plugins.
Preloading 0 native plugins for Editor in 0.00 ms.
Unloading 4569 Unused Serialized files (Serialized files now loaded: 0)
System memory in use before: 182.6 MB.
System memory in use after: 182.8 MB.

Unloading 18 unused Assets to reduce memory usage. Loaded Objects now: 5319.
Total: 4.593500 ms (FindLiveObjects: 0.771700 ms CreateObjectMapping: 0.528300 ms MarkObjects: 3.160300 ms  DeleteObjects: 0.131200 ms)

========================================================================
Received Prepare
Registering precompiled user dll's ...
Registered in 3.041385 seconds.
Begin MonoManager ReloadAssembly
Native extension for WindowsStandalone target not found
Native extension for WebGL target not found
Refreshing native plugins compatible for Editor in 1.06 ms, found 2 plugins.
Preloading 0 native plugins for Editor in 0.00 ms.
Mono: successfully reloaded assembly
- Completed reload, in 17.260 seconds
Platform modules already initialized, skipping
Shader 'Universal Render Pipeline/Particles/Lit': fallback shader 'Universal Render Pipeline/Particles/SimpleLit' not found
Refreshing native plugins compatible for Editor in 1.31 ms, found 2 plugins.
Preloading 0 native plugins for Editor in 0.00 ms.
Unloading 4569 Unused Serialized files (Serialized files now loaded: 0)
System memory in use before: 182.6 MB.
System memory in use after: 182.8 MB.

Unloading 18 unused Assets to reduce memory usage. Loaded Objects now: 5323.
Total: 5.475000 ms (FindLiveObjects: 0.855000 ms CreateObjectMapping: 0.596300 ms MarkObjects: 3.868000 ms  DeleteObjects: 0.153900 ms)

========================================================================
Received Prepare
Registering precompiled user dll's ...
Registered in 0.032265 seconds.
Begin MonoManager ReloadAssembly
Native extension for WindowsStandalone target not found
Native extension for WebGL target not found
Refreshing native plugins compatible for Editor in 1.61 ms, found 2 plugins.
Preloading 0 native plugins for Editor in 0.00 ms.
Mono: successfully reloaded assembly
- Completed reload, in  2.997 seconds
Platform modules already initialized, skipping
Shader 'Universal Render Pipeline/Particles/Lit': fallback shader 'Universal Render Pipeline/Particles/SimpleLit' not found
Refreshing native plugins compatible for Editor in 0.87 ms, found 2 plugins.
Preloading 0 native plugins for Editor in 0.00 ms.
Unloading 4569 Unused Serialized files (Serialized files now loaded: 0)
System memory in use before: 182.6 MB.
System memory in use after: 182.8 MB.

Unloading 18 unused Assets to reduce memory usage. Loaded Objects now: 5327.
Total: 5.091500 ms (FindLiveObjects: 0.494400 ms CreateObjectMapping: 0.373500 ms MarkObjects: 4.053500 ms  DeleteObjects: 0.167900 ms)

========================================================================
Received Prepare
Registering precompiled user dll's ...
Registered in 0.004781 seconds.
Begin MonoManager ReloadAssembly
Native extension for WindowsStandalone target not found
Native extension for WebGL target not found
Refreshing native plugins compatible for Editor in 0.93 ms, found 2 plugins.
Preloading 0 native plugins for Editor in 0.00 ms.
Mono: successfully reloaded assembly
- Completed reload, in  2.638 seconds
Platform modules already initialized, skipping
Shader 'Universal Render Pipeline/Particles/Lit': fallback shader 'Universal Render Pipeline/Particles/SimpleLit' not found
Refreshing native plugins compatible for Editor in 16.81 ms, found 2 plugins.
Preloading 0 native plugins for Editor in 0.00 ms.
Unloading 4569 Unused Serialized files (Serialized files now loaded: 0)
System memory in use before: 182.7 MB.
System memory in use after: 182.8 MB.

Unloading 18 unused Assets to reduce memory usage. Loaded Objects now: 5331.
Total: 79.403100 ms (FindLiveObjects: 3.426900 ms CreateObjectMapping: 7.996800 ms MarkObjects: 66.540700 ms  DeleteObjects: 1.435900 ms)

========================================================================
Received Prepare
Registering precompiled user dll's ...
Registered in 0.007391 seconds.
Begin MonoManager ReloadAssembly
Native extension for WindowsStandalone target not found
Native extension for WebGL target not found
Refreshing native plugins compatible for Editor in 1.47 ms, found 2 plugins.
Preloading 0 native plugins for Editor in 0.00 ms.
Mono: successfully reloaded assembly
- Completed reload, in  2.843 seconds
Platform modules already initialized, skipping
Shader 'Universal Render Pipeline/Particles/Lit': fallback shader 'Universal Render Pipeline/Particles/SimpleLit' not found
Refreshing native plugins compatible for Editor in 4.06 ms, found 2 plugins.
Preloading 0 native plugins for Editor in 0.00 ms.
Unloading 4569 Unused Serialized files (Serialized files now loaded: 0)
System memory in use before: 182.7 MB.
System memory in use after: 182.8 MB.

Unloading 18 unused Assets to reduce memory usage. Loaded Objects now: 5335.
Total: 30.243500 ms (FindLiveObjects: 1.537400 ms CreateObjectMapping: 1.658300 ms MarkObjects: 26.578900 ms  DeleteObjects: 0.464300 ms)

========================================================================
Received Prepare
Registering precompiled user dll's ...
Registered in 0.006646 seconds.
Begin MonoManager ReloadAssembly
Native extension for WindowsStandalone target not found
Native extension for WebGL target not found
Refreshing native plugins compatible for Editor in 1.36 ms, found 2 plugins.
Preloading 0 native plugins for Editor in 0.00 ms.
Mono: successfully reloaded assembly
- Completed reload, in  2.605 seconds
Platform modules already initialized, skipping
Shader 'Universal Render Pipeline/Particles/Lit': fallback shader 'Universal Render Pipeline/Particles/SimpleLit' not found
Refreshing native plugins compatible for Editor in 1.21 ms, found 2 plugins.
Preloading 0 native plugins for Editor in 0.00 ms.
Unloading 4569 Unused Serialized files (Serialized files now loaded: 0)
System memory in use before: 182.7 MB.
System memory in use after: 182.8 MB.

Unloading 18 unused Assets to reduce memory usage. Loaded Objects now: 5339.
Total: 11.079200 ms (FindLiveObjects: 0.631900 ms CreateObjectMapping: 0.393500 ms MarkObjects: 4.815900 ms  DeleteObjects: 5.235500 ms)

AssetImportWorkerClient::OnTransportError - code=2 error=End of file
